{"/Users/mac/Desktop/HACKTIV8/Phase 2/Individual Project/ip-dimashadin/Server/app.js": {"path":"/Users/mac/Desktop/HACKTIV8/Phase 2/Individual Project/ip-dimashadin/Server/app.js","statementMap":{"0":{"start":{"line":1,"column":0},"end":{"line":3,"column":1}},"1":{"start":{"line":2,"column":2},"end":{"line":2,"column":29}},"2":{"start":{"line":5,"column":16},"end":{"line":5,"column":34}},"3":{"start":{"line":6,"column":12},"end":{"line":6,"column":21}},"4":{"start":{"line":8,"column":11},"end":{"line":8,"column":26}},"5":{"start":{"line":9,"column":21},"end":{"line":9,"column":59}},"6":{"start":{"line":10,"column":0},"end":{"line":10,"column":16}},"7":{"start":{"line":12,"column":0},"end":{"line":12,"column":48}},"8":{"start":{"line":13,"column":0},"end":{"line":13,"column":24}},"9":{"start":{"line":15,"column":0},"end":{"line":15,"column":35}},"10":{"start":{"line":17,"column":0},"end":{"line":17,"column":22}},"11":{"start":{"line":19,"column":0},"end":{"line":19,"column":21}}},"fnMap":{},"branchMap":{"0":{"loc":{"start":{"line":1,"column":0},"end":{"line":3,"column":1}},"type":"if","locations":[{"start":{"line":1,"column":0},"end":{"line":3,"column":1}},{"start":{},"end":{}}],"line":1}},"s":{"0":2,"1":2,"2":2,"3":2,"4":2,"5":2,"6":2,"7":2,"8":2,"9":2,"10":2,"11":2},"f":{},"b":{"0":[2,0]},"_coverageSchema":"1a1c01bbd47fc00a2c39e90264f33305004495a9","hash":"3d0b32e2edb287d35c841749670f671a97d272ad"}
,"/Users/mac/Desktop/HACKTIV8/Phase 2/Individual Project/ip-dimashadin/Server/controllers/GeminiAiController.js": {"path":"/Users/mac/Desktop/HACKTIV8/Phase 2/Individual Project/ip-dimashadin/Server/controllers/GeminiAiController.js","statementMap":{"0":{"start":{"line":1,"column":19},"end":{"line":1,"column":48}},"1":{"start":{"line":5,"column":4},"end":{"line":14,"column":5}},"2":{"start":{"line":6,"column":28},"end":{"line":6,"column":36}},"3":{"start":{"line":8,"column":15},"end":{"line":8,"column":36}},"4":{"start":{"line":10,"column":4},"end":{"line":10,"column":30}},"5":{"start":{"line":12,"column":8},"end":{"line":12,"column":27}},"6":{"start":{"line":20,"column":0},"end":{"line":20,"column":35}}},"fnMap":{"0":{"name":"(anonymous_0)","decl":{"start":{"line":4,"column":2},"end":{"line":4,"column":3}},"loc":{"start":{"line":4,"column":40},"end":{"line":17,"column":3}},"line":4}},"branchMap":{},"s":{"0":2,"1":0,"2":0,"3":0,"4":0,"5":0,"6":2},"f":{"0":0},"b":{},"_coverageSchema":"1a1c01bbd47fc00a2c39e90264f33305004495a9","hash":"51b53e826a0f443024dab4b07a8b24a062e7297e"}
,"/Users/mac/Desktop/HACKTIV8/Phase 2/Individual Project/ip-dimashadin/Server/controllers/PaymentController.js": {"path":"/Users/mac/Desktop/HACKTIV8/Phase 2/Individual Project/ip-dimashadin/Server/controllers/PaymentController.js","statementMap":{"0":{"start":{"line":1,"column":23},"end":{"line":1,"column":49}},"1":{"start":{"line":2,"column":18},"end":{"line":2,"column":39}},"2":{"start":{"line":3,"column":0},"end":{"line":3,"column":27}},"3":{"start":{"line":7,"column":4},"end":{"line":46,"column":5}},"4":{"start":{"line":8,"column":17},"end":{"line":12,"column":8}},"5":{"start":{"line":14,"column":22},"end":{"line":14,"column":46}},"6":{"start":{"line":15,"column":21},"end":{"line":15,"column":28}},"7":{"start":{"line":17,"column":22},"end":{"line":28,"column":7}},"8":{"start":{"line":30,"column":26},"end":{"line":30,"column":65}},"9":{"start":{"line":34,"column":29},"end":{"line":34,"column":46}},"10":{"start":{"line":36,"column":6},"end":{"line":40,"column":9}},"11":{"start":{"line":43,"column":6},"end":{"line":43,"column":72}},"12":{"start":{"line":45,"column":6},"end":{"line":45,"column":18}},"13":{"start":{"line":50,"column":0},"end":{"line":50,"column":39}}},"fnMap":{"0":{"name":"(anonymous_0)","decl":{"start":{"line":6,"column":2},"end":{"line":6,"column":3}},"loc":{"start":{"line":6,"column":51},"end":{"line":47,"column":3}},"line":6}},"branchMap":{},"s":{"0":2,"1":2,"2":2,"3":0,"4":0,"5":0,"6":0,"7":0,"8":0,"9":0,"10":0,"11":0,"12":0,"13":2},"f":{"0":0},"b":{},"_coverageSchema":"1a1c01bbd47fc00a2c39e90264f33305004495a9","hash":"5924c2bf3d4a6fbf26eb9faa0fb9a4e11885003f"}
,"/Users/mac/Desktop/HACKTIV8/Phase 2/Individual Project/ip-dimashadin/Server/controllers/UserController.js": {"path":"/Users/mac/Desktop/HACKTIV8/Phase 2/Individual Project/ip-dimashadin/Server/controllers/UserController.js","statementMap":{"0":{"start":{"line":1,"column":24},"end":{"line":1,"column":51}},"1":{"start":{"line":2,"column":22},"end":{"line":2,"column":46}},"2":{"start":{"line":3,"column":17},"end":{"line":3,"column":38}},"3":{"start":{"line":4,"column":25},"end":{"line":4,"column":55}},"4":{"start":{"line":8,"column":4},"end":{"line":40,"column":5}},"5":{"start":{"line":9,"column":32},"end":{"line":9,"column":40}},"6":{"start":{"line":11,"column":6},"end":{"line":13,"column":7}},"7":{"start":{"line":12,"column":8},"end":{"line":12,"column":40}},"8":{"start":{"line":15,"column":6},"end":{"line":17,"column":7}},"9":{"start":{"line":16,"column":8},"end":{"line":16,"column":43}},"10":{"start":{"line":19,"column":17},"end":{"line":23,"column":8}},"11":{"start":{"line":25,"column":6},"end":{"line":27,"column":7}},"12":{"start":{"line":26,"column":8},"end":{"line":26,"column":42}},"13":{"start":{"line":29,"column":23},"end":{"line":29,"column":59}},"14":{"start":{"line":31,"column":6},"end":{"line":33,"column":7}},"15":{"start":{"line":32,"column":8},"end":{"line":32,"column":42}},"16":{"start":{"line":35,"column":27},"end":{"line":35,"column":53}},"17":{"start":{"line":37,"column":6},"end":{"line":37,"column":45}},"18":{"start":{"line":39,"column":6},"end":{"line":39,"column":18}},"19":{"start":{"line":44,"column":4},"end":{"line":58,"column":5}},"20":{"start":{"line":45,"column":42},"end":{"line":45,"column":50}},"21":{"start":{"line":47,"column":20},"end":{"line":51,"column":8}},"22":{"start":{"line":53,"column":6},"end":{"line":53,"column":36}},"23":{"start":{"line":55,"column":6},"end":{"line":55,"column":25}},"24":{"start":{"line":57,"column":6},"end":{"line":57,"column":18}},"25":{"start":{"line":62,"column":4},"end":{"line":120,"column":5}},"26":{"start":{"line":63,"column":31},"end":{"line":63,"column":42}},"27":{"start":{"line":64,"column":21},"end":{"line":64,"column":39}},"28":{"start":{"line":66,"column":21},"end":{"line":69,"column":8}},"29":{"start":{"line":70,"column":22},"end":{"line":70,"column":41}},"30":{"start":{"line":72,"column":20},"end":{"line":72,"column":33}},"31":{"start":{"line":73,"column":23},"end":{"line":73,"column":35}},"32":{"start":{"line":92,"column":17},"end":{"line":96,"column":8}},"33":{"start":{"line":98,"column":6},"end":{"line":113,"column":7}},"34":{"start":{"line":99,"column":8},"end":{"line":108,"column":10}},"35":{"start":{"line":110,"column":8},"end":{"line":112,"column":9}},"36":{"start":{"line":111,"column":10},"end":{"line":111,"column":41}},"37":{"start":{"line":115,"column":27},"end":{"line":115,"column":53}},"38":{"start":{"line":117,"column":6},"end":{"line":117,"column":45}},"39":{"start":{"line":119,"column":6},"end":{"line":119,"column":16}},"40":{"start":{"line":124,"column":0},"end":{"line":124,"column":36}}},"fnMap":{"0":{"name":"(anonymous_0)","decl":{"start":{"line":7,"column":2},"end":{"line":7,"column":3}},"loc":{"start":{"line":7,"column":37},"end":{"line":41,"column":3}},"line":7},"1":{"name":"(anonymous_1)","decl":{"start":{"line":43,"column":2},"end":{"line":43,"column":3}},"loc":{"start":{"line":43,"column":40},"end":{"line":59,"column":3}},"line":43},"2":{"name":"(anonymous_2)","decl":{"start":{"line":61,"column":2},"end":{"line":61,"column":3}},"loc":{"start":{"line":61,"column":43},"end":{"line":121,"column":3}},"line":61}},"branchMap":{"0":{"loc":{"start":{"line":11,"column":6},"end":{"line":13,"column":7}},"type":"if","locations":[{"start":{"line":11,"column":6},"end":{"line":13,"column":7}},{"start":{},"end":{}}],"line":11},"1":{"loc":{"start":{"line":15,"column":6},"end":{"line":17,"column":7}},"type":"if","locations":[{"start":{"line":15,"column":6},"end":{"line":17,"column":7}},{"start":{},"end":{}}],"line":15},"2":{"loc":{"start":{"line":25,"column":6},"end":{"line":27,"column":7}},"type":"if","locations":[{"start":{"line":25,"column":6},"end":{"line":27,"column":7}},{"start":{},"end":{}}],"line":25},"3":{"loc":{"start":{"line":31,"column":6},"end":{"line":33,"column":7}},"type":"if","locations":[{"start":{"line":31,"column":6},"end":{"line":33,"column":7}},{"start":{},"end":{}}],"line":31},"4":{"loc":{"start":{"line":98,"column":6},"end":{"line":113,"column":7}},"type":"if","locations":[{"start":{"line":98,"column":6},"end":{"line":113,"column":7}},{"start":{"line":109,"column":13},"end":{"line":113,"column":7}}],"line":98},"5":{"loc":{"start":{"line":110,"column":8},"end":{"line":112,"column":9}},"type":"if","locations":[{"start":{"line":110,"column":8},"end":{"line":112,"column":9}},{"start":{},"end":{}}],"line":110}},"s":{"0":2,"1":2,"2":2,"3":2,"4":5,"5":5,"6":5,"7":1,"8":4,"9":1,"10":3,"11":3,"12":1,"13":2,"14":2,"15":1,"16":1,"17":1,"18":4,"19":0,"20":0,"21":0,"22":0,"23":0,"24":0,"25":0,"26":0,"27":0,"28":0,"29":0,"30":0,"31":0,"32":0,"33":0,"34":0,"35":0,"36":0,"37":0,"38":0,"39":0,"40":2},"f":{"0":5,"1":0,"2":0},"b":{"0":[1,4],"1":[1,3],"2":[1,2],"3":[1,1],"4":[0,0],"5":[0,0]},"_coverageSchema":"1a1c01bbd47fc00a2c39e90264f33305004495a9","hash":"fe7423bdeb6b150c0f9b0827cd62e2756cd59d56"}
,"/Users/mac/Desktop/HACKTIV8/Phase 2/Individual Project/ip-dimashadin/Server/controllers/recipeController.js": {"path":"/Users/mac/Desktop/HACKTIV8/Phase 2/Individual Project/ip-dimashadin/Server/controllers/recipeController.js","statementMap":{"0":{"start":{"line":1,"column":19},"end":{"line":1,"column":40}},"1":{"start":{"line":5,"column":4},"end":{"line":11,"column":5}},"2":{"start":{"line":6,"column":19},"end":{"line":6,"column":41}},"3":{"start":{"line":8,"column":6},"end":{"line":8,"column":33}},"4":{"start":{"line":10,"column":6},"end":{"line":10,"column":18}},"5":{"start":{"line":15,"column":4},"end":{"line":44,"column":5}},"6":{"start":{"line":26,"column":11},"end":{"line":26,"column":19}},"7":{"start":{"line":28,"column":17},"end":{"line":39,"column":8}},"8":{"start":{"line":41,"column":6},"end":{"line":41,"column":33}},"9":{"start":{"line":43,"column":6},"end":{"line":43,"column":18}},"10":{"start":{"line":48,"column":4},"end":{"line":61,"column":5}},"11":{"start":{"line":49,"column":17},"end":{"line":49,"column":27}},"12":{"start":{"line":51,"column":17},"end":{"line":51,"column":43}},"13":{"start":{"line":53,"column":6},"end":{"line":55,"column":7}},"14":{"start":{"line":54,"column":8},"end":{"line":54,"column":35}},"15":{"start":{"line":57,"column":6},"end":{"line":57,"column":32}},"16":{"start":{"line":60,"column":6},"end":{"line":60,"column":17}},"17":{"start":{"line":65,"column":4},"end":{"line":83,"column":5}},"18":{"start":{"line":66,"column":19},"end":{"line":66,"column":29}},"19":{"start":{"line":68,"column":17},"end":{"line":68,"column":43}},"20":{"start":{"line":70,"column":6},"end":{"line":72,"column":7}},"21":{"start":{"line":71,"column":8},"end":{"line":71,"column":35}},"22":{"start":{"line":74,"column":6},"end":{"line":78,"column":9}},"23":{"start":{"line":80,"column":6},"end":{"line":80,"column":33}},"24":{"start":{"line":82,"column":6},"end":{"line":82,"column":17}},"25":{"start":{"line":87,"column":4},"end":{"line":101,"column":5}},"26":{"start":{"line":88,"column":19},"end":{"line":88,"column":29}},"27":{"start":{"line":90,"column":6},"end":{"line":94,"column":9}},"28":{"start":{"line":96,"column":6},"end":{"line":98,"column":9}},"29":{"start":{"line":100,"column":6},"end":{"line":100,"column":17}},"30":{"start":{"line":105,"column":0},"end":{"line":105,"column":34}}},"fnMap":{"0":{"name":"(anonymous_0)","decl":{"start":{"line":4,"column":2},"end":{"line":4,"column":3}},"loc":{"start":{"line":4,"column":41},"end":{"line":12,"column":3}},"line":4},"1":{"name":"(anonymous_1)","decl":{"start":{"line":14,"column":2},"end":{"line":14,"column":3}},"loc":{"start":{"line":14,"column":41},"end":{"line":45,"column":3}},"line":14},"2":{"name":"(anonymous_2)","decl":{"start":{"line":47,"column":2},"end":{"line":47,"column":3}},"loc":{"start":{"line":47,"column":39},"end":{"line":62,"column":3}},"line":47},"3":{"name":"(anonymous_3)","decl":{"start":{"line":64,"column":2},"end":{"line":64,"column":3}},"loc":{"start":{"line":64,"column":41},"end":{"line":84,"column":3}},"line":64},"4":{"name":"(anonymous_4)","decl":{"start":{"line":86,"column":2},"end":{"line":86,"column":3}},"loc":{"start":{"line":86,"column":41},"end":{"line":102,"column":3}},"line":86}},"branchMap":{"0":{"loc":{"start":{"line":53,"column":6},"end":{"line":55,"column":7}},"type":"if","locations":[{"start":{"line":53,"column":6},"end":{"line":55,"column":7}},{"start":{},"end":{}}],"line":53},"1":{"loc":{"start":{"line":70,"column":6},"end":{"line":72,"column":7}},"type":"if","locations":[{"start":{"line":70,"column":6},"end":{"line":72,"column":7}},{"start":{},"end":{}}],"line":70}},"s":{"0":2,"1":0,"2":0,"3":0,"4":0,"5":2,"6":2,"7":2,"8":1,"9":1,"10":0,"11":0,"12":0,"13":0,"14":0,"15":0,"16":0,"17":0,"18":0,"19":0,"20":0,"21":0,"22":0,"23":0,"24":0,"25":0,"26":0,"27":0,"28":0,"29":0,"30":2},"f":{"0":0,"1":2,"2":0,"3":0,"4":0},"b":{"0":[0,0],"1":[0,0]},"_coverageSchema":"1a1c01bbd47fc00a2c39e90264f33305004495a9","hash":"667b8b8a808784766d6d72959a49b2ad236e1516"}
,"/Users/mac/Desktop/HACKTIV8/Phase 2/Individual Project/ip-dimashadin/Server/helper/GeminiAI.js": {"path":"/Users/mac/Desktop/HACKTIV8/Phase 2/Individual Project/ip-dimashadin/Server/helper/GeminiAI.js","statementMap":{"0":{"start":{"line":1,"column":31},"end":{"line":1,"column":63}},"1":{"start":{"line":2,"column":0},"end":{"line":2,"column":27}},"2":{"start":{"line":4,"column":15},"end":{"line":31,"column":1}},"3":{"start":{"line":5,"column":16},"end":{"line":5,"column":69}},"4":{"start":{"line":6,"column":16},"end":{"line":6,"column":71}},"5":{"start":{"line":8,"column":17},"end":{"line":22,"column":88}},"6":{"start":{"line":24,"column":17},"end":{"line":24,"column":52}},"7":{"start":{"line":25,"column":13},"end":{"line":25,"column":35}},"8":{"start":{"line":27,"column":2},"end":{"line":27,"column":33}},"9":{"start":{"line":30,"column":2},"end":{"line":30,"column":14}},"10":{"start":{"line":33,"column":0},"end":{"line":33,"column":28}}},"fnMap":{"0":{"name":"(anonymous_0)","decl":{"start":{"line":4,"column":15},"end":{"line":4,"column":16}},"loc":{"start":{"line":4,"column":34},"end":{"line":31,"column":1}},"line":4}},"branchMap":{},"s":{"0":2,"1":2,"2":2,"3":0,"4":0,"5":0,"6":0,"7":0,"8":0,"9":0,"10":2},"f":{"0":0},"b":{},"_coverageSchema":"1a1c01bbd47fc00a2c39e90264f33305004495a9","hash":"188f2394f463cb755ca53f70d998b6b934fe7140"}
,"/Users/mac/Desktop/HACKTIV8/Phase 2/Individual Project/ip-dimashadin/Server/helper/bcrypt.js": {"path":"/Users/mac/Desktop/HACKTIV8/Phase 2/Individual Project/ip-dimashadin/Server/helper/bcrypt.js","statementMap":{"0":{"start":{"line":1,"column":15},"end":{"line":1,"column":34}},"1":{"start":{"line":4,"column":13},"end":{"line":4,"column":35}},"2":{"start":{"line":5,"column":2},"end":{"line":5,"column":41}},"3":{"start":{"line":9,"column":2},"end":{"line":9,"column":54}},"4":{"start":{"line":12,"column":0},"end":{"line":12,"column":43}}},"fnMap":{"0":{"name":"hashPass","decl":{"start":{"line":3,"column":9},"end":{"line":3,"column":17}},"loc":{"start":{"line":3,"column":28},"end":{"line":6,"column":1}},"line":3},"1":{"name":"comparePass","decl":{"start":{"line":8,"column":9},"end":{"line":8,"column":20}},"loc":{"start":{"line":8,"column":47},"end":{"line":10,"column":1}},"line":8}},"branchMap":{},"s":{"0":2,"1":4,"2":4,"3":2,"4":2},"f":{"0":4,"1":2},"b":{},"_coverageSchema":"1a1c01bbd47fc00a2c39e90264f33305004495a9","hash":"457c5e71b28b97df4dbf5bdd8d63ec54ff6dabd9"}
,"/Users/mac/Desktop/HACKTIV8/Phase 2/Individual Project/ip-dimashadin/Server/helper/jwt.js": {"path":"/Users/mac/Desktop/HACKTIV8/Phase 2/Individual Project/ip-dimashadin/Server/helper/jwt.js","statementMap":{"0":{"start":{"line":1,"column":12},"end":{"line":1,"column":35}},"1":{"start":{"line":3,"column":15},"end":{"line":3,"column":33}},"2":{"start":{"line":6,"column":2},"end":{"line":6,"column":35}},"3":{"start":{"line":10,"column":2},"end":{"line":10,"column":35}},"4":{"start":{"line":13,"column":0},"end":{"line":13,"column":44}}},"fnMap":{"0":{"name":"signToken","decl":{"start":{"line":5,"column":9},"end":{"line":5,"column":18}},"loc":{"start":{"line":5,"column":28},"end":{"line":7,"column":1}},"line":5},"1":{"name":"verifyToken","decl":{"start":{"line":9,"column":9},"end":{"line":9,"column":20}},"loc":{"start":{"line":9,"column":28},"end":{"line":11,"column":1}},"line":9}},"branchMap":{},"s":{"0":2,"1":2,"2":2,"3":3,"4":2},"f":{"0":2,"1":3},"b":{},"_coverageSchema":"1a1c01bbd47fc00a2c39e90264f33305004495a9","hash":"4e859698286da1b37f932eccc34ef0816911eecf"}
,"/Users/mac/Desktop/HACKTIV8/Phase 2/Individual Project/ip-dimashadin/Server/middlewares/authentication.js": {"path":"/Users/mac/Desktop/HACKTIV8/Phase 2/Individual Project/ip-dimashadin/Server/middlewares/authentication.js","statementMap":{"0":{"start":{"line":1,"column":24},"end":{"line":1,"column":48}},"1":{"start":{"line":2,"column":17},"end":{"line":2,"column":38}},"2":{"start":{"line":5,"column":2},"end":{"line":28,"column":3}},"3":{"start":{"line":6,"column":24},"end":{"line":6,"column":49}},"4":{"start":{"line":8,"column":4},"end":{"line":10,"column":5}},"5":{"start":{"line":9,"column":6},"end":{"line":9,"column":37}},"6":{"start":{"line":12,"column":18},"end":{"line":12,"column":43}},"7":{"start":{"line":14,"column":20},"end":{"line":14,"column":38}},"8":{"start":{"line":17,"column":17},"end":{"line":17,"column":48}},"9":{"start":{"line":19,"column":4},"end":{"line":21,"column":5}},"10":{"start":{"line":20,"column":6},"end":{"line":20,"column":37}},"11":{"start":{"line":23,"column":4},"end":{"line":23,"column":20}},"12":{"start":{"line":25,"column":4},"end":{"line":25,"column":11}},"13":{"start":{"line":27,"column":4},"end":{"line":27,"column":16}},"14":{"start":{"line":31,"column":0},"end":{"line":31,"column":32}}},"fnMap":{"0":{"name":"authentication","decl":{"start":{"line":4,"column":15},"end":{"line":4,"column":29}},"loc":{"start":{"line":4,"column":46},"end":{"line":29,"column":1}},"line":4}},"branchMap":{"0":{"loc":{"start":{"line":8,"column":4},"end":{"line":10,"column":5}},"type":"if","locations":[{"start":{"line":8,"column":4},"end":{"line":10,"column":5}},{"start":{},"end":{}}],"line":8},"1":{"loc":{"start":{"line":19,"column":4},"end":{"line":21,"column":5}},"type":"if","locations":[{"start":{"line":19,"column":4},"end":{"line":21,"column":5}},{"start":{},"end":{}}],"line":19}},"s":{"0":2,"1":2,"2":4,"3":4,"4":4,"5":1,"6":3,"7":3,"8":2,"9":2,"10":0,"11":2,"12":2,"13":2,"14":2},"f":{"0":4},"b":{"0":[1,3],"1":[0,2]},"_coverageSchema":"1a1c01bbd47fc00a2c39e90264f33305004495a9","hash":"c50a6e46ee6e5b765992f2d0fdfb035b88bdb6f7"}
,"/Users/mac/Desktop/HACKTIV8/Phase 2/Individual Project/ip-dimashadin/Server/middlewares/authorization.js": {"path":"/Users/mac/Desktop/HACKTIV8/Phase 2/Individual Project/ip-dimashadin/Server/middlewares/authorization.js","statementMap":{"0":{"start":{"line":1,"column":17},"end":{"line":1,"column":38}},"1":{"start":{"line":2,"column":19},"end":{"line":2,"column":40}},"2":{"start":{"line":5,"column":2},"end":{"line":22,"column":3}},"3":{"start":{"line":6,"column":17},"end":{"line":6,"column":27}},"4":{"start":{"line":8,"column":15},"end":{"line":8,"column":41}},"5":{"start":{"line":10,"column":4},"end":{"line":12,"column":5}},"6":{"start":{"line":11,"column":6},"end":{"line":11,"column":33}},"7":{"start":{"line":14,"column":4},"end":{"line":16,"column":5}},"8":{"start":{"line":15,"column":6},"end":{"line":15,"column":34}},"9":{"start":{"line":18,"column":4},"end":{"line":18,"column":11}},"10":{"start":{"line":21,"column":4},"end":{"line":21,"column":16}},"11":{"start":{"line":25,"column":0},"end":{"line":25,"column":31}}},"fnMap":{"0":{"name":"authorization","decl":{"start":{"line":4,"column":15},"end":{"line":4,"column":28}},"loc":{"start":{"line":4,"column":45},"end":{"line":23,"column":1}},"line":4}},"branchMap":{"0":{"loc":{"start":{"line":10,"column":4},"end":{"line":12,"column":5}},"type":"if","locations":[{"start":{"line":10,"column":4},"end":{"line":12,"column":5}},{"start":{},"end":{}}],"line":10},"1":{"loc":{"start":{"line":14,"column":4},"end":{"line":16,"column":5}},"type":"if","locations":[{"start":{"line":14,"column":4},"end":{"line":16,"column":5}},{"start":{},"end":{}}],"line":14}},"s":{"0":2,"1":2,"2":0,"3":0,"4":0,"5":0,"6":0,"7":0,"8":0,"9":0,"10":0,"11":2},"f":{"0":0},"b":{"0":[0,0],"1":[0,0]},"_coverageSchema":"1a1c01bbd47fc00a2c39e90264f33305004495a9","hash":"0c71f6e05acaba8a2252d0323b72f9b095c89ae5"}
,"/Users/mac/Desktop/HACKTIV8/Phase 2/Individual Project/ip-dimashadin/Server/middlewares/errorHandling.js": {"path":"/Users/mac/Desktop/HACKTIV8/Phase 2/Individual Project/ip-dimashadin/Server/middlewares/errorHandling.js","statementMap":{"0":{"start":{"line":2,"column":17},"end":{"line":2,"column":20}},"1":{"start":{"line":3,"column":18},"end":{"line":3,"column":41}},"2":{"start":{"line":5,"column":4},"end":{"line":36,"column":5}},"3":{"start":{"line":6,"column":8},"end":{"line":6,"column":20}},"4":{"start":{"line":7,"column":8},"end":{"line":7,"column":41}},"5":{"start":{"line":9,"column":11},"end":{"line":36,"column":5}},"6":{"start":{"line":10,"column":8},"end":{"line":10,"column":20}},"7":{"start":{"line":11,"column":8},"end":{"line":11,"column":33}},"8":{"start":{"line":12,"column":11},"end":{"line":36,"column":5}},"9":{"start":{"line":13,"column":8},"end":{"line":13,"column":20}},"10":{"start":{"line":14,"column":8},"end":{"line":14,"column":36}},"11":{"start":{"line":16,"column":11},"end":{"line":36,"column":5}},"12":{"start":{"line":17,"column":8},"end":{"line":17,"column":20}},"13":{"start":{"line":18,"column":8},"end":{"line":18,"column":40}},"14":{"start":{"line":20,"column":11},"end":{"line":36,"column":5}},"15":{"start":{"line":21,"column":8},"end":{"line":21,"column":20}},"16":{"start":{"line":22,"column":8},"end":{"line":22,"column":46}},"17":{"start":{"line":24,"column":11},"end":{"line":36,"column":5}},"18":{"start":{"line":25,"column":8},"end":{"line":25,"column":20}},"19":{"start":{"line":26,"column":8},"end":{"line":26,"column":33}},"20":{"start":{"line":28,"column":11},"end":{"line":36,"column":5}},"21":{"start":{"line":29,"column":8},"end":{"line":29,"column":20}},"22":{"start":{"line":30,"column":8},"end":{"line":30,"column":42}},"23":{"start":{"line":32,"column":11},"end":{"line":36,"column":5}},"24":{"start":{"line":33,"column":8},"end":{"line":33,"column":20}},"25":{"start":{"line":34,"column":8},"end":{"line":34,"column":36}},"26":{"start":{"line":43,"column":4},"end":{"line":45,"column":6}},"27":{"start":{"line":47,"column":0},"end":{"line":47,"column":29}}},"fnMap":{"0":{"name":"errorHandler","decl":{"start":{"line":1,"column":9},"end":{"line":1,"column":21}},"loc":{"start":{"line":1,"column":41},"end":{"line":46,"column":1}},"line":1}},"branchMap":{"0":{"loc":{"start":{"line":5,"column":4},"end":{"line":36,"column":5}},"type":"if","locations":[{"start":{"line":5,"column":4},"end":{"line":36,"column":5}},{"start":{"line":9,"column":11},"end":{"line":36,"column":5}}],"line":5},"1":{"loc":{"start":{"line":5,"column":8},"end":{"line":5,"column":100}},"type":"binary-expr","locations":[{"start":{"line":5,"column":8},"end":{"line":5,"column":49}},{"start":{"line":5,"column":53},"end":{"line":5,"column":100}}],"line":5},"2":{"loc":{"start":{"line":9,"column":11},"end":{"line":36,"column":5}},"type":"if","locations":[{"start":{"line":9,"column":11},"end":{"line":36,"column":5}},{"start":{"line":12,"column":11},"end":{"line":36,"column":5}}],"line":9},"3":{"loc":{"start":{"line":9,"column":15},"end":{"line":9,"column":82}},"type":"binary-expr","locations":[{"start":{"line":9,"column":15},"end":{"line":9,"column":44}},{"start":{"line":9,"column":48},"end":{"line":9,"column":82}}],"line":9},"4":{"loc":{"start":{"line":12,"column":11},"end":{"line":36,"column":5}},"type":"if","locations":[{"start":{"line":12,"column":11},"end":{"line":36,"column":5}},{"start":{"line":16,"column":11},"end":{"line":36,"column":5}}],"line":12},"5":{"loc":{"start":{"line":16,"column":11},"end":{"line":36,"column":5}},"type":"if","locations":[{"start":{"line":16,"column":11},"end":{"line":36,"column":5}},{"start":{"line":20,"column":11},"end":{"line":36,"column":5}}],"line":16},"6":{"loc":{"start":{"line":20,"column":11},"end":{"line":36,"column":5}},"type":"if","locations":[{"start":{"line":20,"column":11},"end":{"line":36,"column":5}},{"start":{"line":24,"column":11},"end":{"line":36,"column":5}}],"line":20},"7":{"loc":{"start":{"line":24,"column":11},"end":{"line":36,"column":5}},"type":"if","locations":[{"start":{"line":24,"column":11},"end":{"line":36,"column":5}},{"start":{"line":28,"column":11},"end":{"line":36,"column":5}}],"line":24},"8":{"loc":{"start":{"line":24,"column":15},"end":{"line":24,"column":82}},"type":"binary-expr","locations":[{"start":{"line":24,"column":15},"end":{"line":24,"column":44}},{"start":{"line":24,"column":48},"end":{"line":24,"column":82}}],"line":24},"9":{"loc":{"start":{"line":28,"column":11},"end":{"line":36,"column":5}},"type":"if","locations":[{"start":{"line":28,"column":11},"end":{"line":36,"column":5}},{"start":{"line":32,"column":11},"end":{"line":36,"column":5}}],"line":28},"10":{"loc":{"start":{"line":32,"column":11},"end":{"line":36,"column":5}},"type":"if","locations":[{"start":{"line":32,"column":11},"end":{"line":36,"column":5}},{"start":{},"end":{}}],"line":32}},"s":{"0":7,"1":7,"2":7,"3":1,"4":1,"5":6,"6":2,"7":2,"8":4,"9":1,"10":1,"11":3,"12":1,"13":1,"14":2,"15":2,"16":2,"17":0,"18":0,"19":0,"20":0,"21":0,"22":0,"23":0,"24":0,"25":0,"26":7,"27":2},"f":{"0":7},"b":{"0":[1,6],"1":[7,6],"2":[2,4],"3":[6,5],"4":[1,3],"5":[1,2],"6":[2,0],"7":[0,0],"8":[0,0],"9":[0,0],"10":[0,0]},"_coverageSchema":"1a1c01bbd47fc00a2c39e90264f33305004495a9","hash":"b3e3c50ddee75e67bdb4766f93967e2322ed0f0a"}
,"/Users/mac/Desktop/HACKTIV8/Phase 2/Individual Project/ip-dimashadin/Server/models/index.js": {"path":"/Users/mac/Desktop/HACKTIV8/Phase 2/Individual Project/ip-dimashadin/Server/models/index.js","statementMap":{"0":{"start":{"line":3,"column":11},"end":{"line":3,"column":24}},"1":{"start":{"line":4,"column":13},"end":{"line":4,"column":28}},"2":{"start":{"line":5,"column":18},"end":{"line":5,"column":38}},"3":{"start":{"line":6,"column":16},"end":{"line":6,"column":34}},"4":{"start":{"line":7,"column":17},"end":{"line":7,"column":42}},"5":{"start":{"line":8,"column":12},"end":{"line":8,"column":49}},"6":{"start":{"line":9,"column":15},"end":{"line":9,"column":65}},"7":{"start":{"line":10,"column":11},"end":{"line":10,"column":13}},"8":{"start":{"line":13,"column":0},"end":{"line":17,"column":1}},"9":{"start":{"line":14,"column":2},"end":{"line":14,"column":74}},"10":{"start":{"line":16,"column":2},"end":{"line":16,"column":87}},"11":{"start":{"line":19,"column":0},"end":{"line":32,"column":5}},"12":{"start":{"line":22,"column":4},"end":{"line":27,"column":6}},"13":{"start":{"line":30,"column":18},"end":{"line":30,"column":85}},"14":{"start":{"line":31,"column":4},"end":{"line":31,"column":27}},"15":{"start":{"line":34,"column":0},"end":{"line":38,"column":3}},"16":{"start":{"line":35,"column":2},"end":{"line":37,"column":3}},"17":{"start":{"line":36,"column":4},"end":{"line":36,"column":32}},"18":{"start":{"line":40,"column":0},"end":{"line":40,"column":25}},"19":{"start":{"line":41,"column":0},"end":{"line":41,"column":25}},"20":{"start":{"line":43,"column":0},"end":{"line":43,"column":20}}},"fnMap":{"0":{"name":"(anonymous_0)","decl":{"start":{"line":21,"column":10},"end":{"line":21,"column":11}},"loc":{"start":{"line":21,"column":18},"end":{"line":28,"column":3}},"line":21},"1":{"name":"(anonymous_1)","decl":{"start":{"line":29,"column":11},"end":{"line":29,"column":12}},"loc":{"start":{"line":29,"column":19},"end":{"line":32,"column":3}},"line":29},"2":{"name":"(anonymous_2)","decl":{"start":{"line":34,"column":24},"end":{"line":34,"column":25}},"loc":{"start":{"line":34,"column":37},"end":{"line":38,"column":1}},"line":34}},"branchMap":{"0":{"loc":{"start":{"line":8,"column":12},"end":{"line":8,"column":49}},"type":"binary-expr","locations":[{"start":{"line":8,"column":12},"end":{"line":8,"column":32}},{"start":{"line":8,"column":36},"end":{"line":8,"column":49}}],"line":8},"1":{"loc":{"start":{"line":13,"column":0},"end":{"line":17,"column":1}},"type":"if","locations":[{"start":{"line":13,"column":0},"end":{"line":17,"column":1}},{"start":{"line":15,"column":7},"end":{"line":17,"column":1}}],"line":13},"2":{"loc":{"start":{"line":23,"column":6},"end":{"line":26,"column":37}},"type":"binary-expr","locations":[{"start":{"line":23,"column":6},"end":{"line":23,"column":29}},{"start":{"line":24,"column":6},"end":{"line":24,"column":23}},{"start":{"line":25,"column":6},"end":{"line":25,"column":30}},{"start":{"line":26,"column":6},"end":{"line":26,"column":37}}],"line":23},"3":{"loc":{"start":{"line":35,"column":2},"end":{"line":37,"column":3}},"type":"if","locations":[{"start":{"line":35,"column":2},"end":{"line":37,"column":3}},{"start":{},"end":{}}],"line":35}},"s":{"0":2,"1":2,"2":2,"3":2,"4":2,"5":2,"6":2,"7":2,"8":2,"9":0,"10":2,"11":2,"12":8,"13":6,"14":6,"15":2,"16":6,"17":6,"18":2,"19":2,"20":2},"f":{"0":8,"1":6,"2":6},"b":{"0":[2,0],"1":[0,2],"2":[8,8,6,6],"3":[6,0]},"_coverageSchema":"1a1c01bbd47fc00a2c39e90264f33305004495a9","hash":"49eebb101d8efb654ad1083939159f163ff4eed9"}
,"/Users/mac/Desktop/HACKTIV8/Phase 2/Individual Project/ip-dimashadin/Server/models/order.js": {"path":"/Users/mac/Desktop/HACKTIV8/Phase 2/Individual Project/ip-dimashadin/Server/models/order.js","statementMap":{"0":{"start":{"line":2,"column":18},"end":{"line":2,"column":38}},"1":{"start":{"line":3,"column":0},"end":{"line":39,"column":2}},"2":{"start":{"line":14,"column":2},"end":{"line":37,"column":4}},"3":{"start":{"line":38,"column":2},"end":{"line":38,"column":15}}},"fnMap":{"0":{"name":"(anonymous_0)","decl":{"start":{"line":3,"column":17},"end":{"line":3,"column":18}},"loc":{"start":{"line":3,"column":43},"end":{"line":39,"column":1}},"line":3},"1":{"name":"(anonymous_1)","decl":{"start":{"line":10,"column":4},"end":{"line":10,"column":5}},"loc":{"start":{"line":10,"column":29},"end":{"line":12,"column":5}},"line":10}},"branchMap":{},"s":{"0":2,"1":2,"2":2,"3":2},"f":{"0":2,"1":2},"b":{},"_coverageSchema":"1a1c01bbd47fc00a2c39e90264f33305004495a9","hash":"e4e7ac44113656b9de780b5cca75d81ff3219be6"}
,"/Users/mac/Desktop/HACKTIV8/Phase 2/Individual Project/ip-dimashadin/Server/models/recipe.js": {"path":"/Users/mac/Desktop/HACKTIV8/Phase 2/Individual Project/ip-dimashadin/Server/models/recipe.js","statementMap":{"0":{"start":{"line":2,"column":18},"end":{"line":2,"column":38}},"1":{"start":{"line":3,"column":0},"end":{"line":143,"column":2}},"2":{"start":{"line":14,"column":2},"end":{"line":141,"column":4}},"3":{"start":{"line":142,"column":2},"end":{"line":142,"column":16}}},"fnMap":{"0":{"name":"(anonymous_0)","decl":{"start":{"line":3,"column":17},"end":{"line":3,"column":18}},"loc":{"start":{"line":3,"column":43},"end":{"line":143,"column":1}},"line":3},"1":{"name":"(anonymous_1)","decl":{"start":{"line":10,"column":4},"end":{"line":10,"column":5}},"loc":{"start":{"line":10,"column":29},"end":{"line":12,"column":5}},"line":10}},"branchMap":{},"s":{"0":2,"1":2,"2":2,"3":2},"f":{"0":2,"1":2},"b":{},"_coverageSchema":"1a1c01bbd47fc00a2c39e90264f33305004495a9","hash":"81e8a78fb5f1bff78953d16adcf7cd661524d87e"}
,"/Users/mac/Desktop/HACKTIV8/Phase 2/Individual Project/ip-dimashadin/Server/models/user.js": {"path":"/Users/mac/Desktop/HACKTIV8/Phase 2/Individual Project/ip-dimashadin/Server/models/user.js","statementMap":{"0":{"start":{"line":2,"column":18},"end":{"line":2,"column":38}},"1":{"start":{"line":3,"column":21},"end":{"line":3,"column":48}},"2":{"start":{"line":4,"column":0},"end":{"line":60,"column":2}},"3":{"start":{"line":15,"column":2},"end":{"line":58,"column":4}},"4":{"start":{"line":54,"column":10},"end":{"line":54,"column":50}},"5":{"start":{"line":59,"column":2},"end":{"line":59,"column":14}}},"fnMap":{"0":{"name":"(anonymous_0)","decl":{"start":{"line":4,"column":17},"end":{"line":4,"column":18}},"loc":{"start":{"line":4,"column":43},"end":{"line":60,"column":1}},"line":4},"1":{"name":"(anonymous_1)","decl":{"start":{"line":11,"column":4},"end":{"line":11,"column":5}},"loc":{"start":{"line":11,"column":29},"end":{"line":13,"column":5}},"line":11},"2":{"name":"(anonymous_2)","decl":{"start":{"line":53,"column":8},"end":{"line":53,"column":9}},"loc":{"start":{"line":53,"column":27},"end":{"line":55,"column":9}},"line":53}},"branchMap":{},"s":{"0":2,"1":2,"2":2,"3":2,"4":0,"5":2},"f":{"0":2,"1":2,"2":0},"b":{},"_coverageSchema":"1a1c01bbd47fc00a2c39e90264f33305004495a9","hash":"86f929d418136f7c67380cfc7b4833e9ed3d86af"}
,"/Users/mac/Desktop/HACKTIV8/Phase 2/Individual Project/ip-dimashadin/Server/routers/index.js": {"path":"/Users/mac/Desktop/HACKTIV8/Phase 2/Individual Project/ip-dimashadin/Server/routers/index.js","statementMap":{"0":{"start":{"line":1,"column":16},"end":{"line":1,"column":34}},"1":{"start":{"line":2,"column":27},"end":{"line":2,"column":67}},"2":{"start":{"line":3,"column":23},"end":{"line":3,"column":63}},"3":{"start":{"line":4,"column":25},"end":{"line":4,"column":67}},"4":{"start":{"line":5,"column":29},"end":{"line":5,"column":73}},"5":{"start":{"line":6,"column":30},"end":{"line":6,"column":73}},"6":{"start":{"line":7,"column":22},"end":{"line":7,"column":61}},"7":{"start":{"line":10,"column":15},"end":{"line":10,"column":31}},"8":{"start":{"line":12,"column":0},"end":{"line":12,"column":44}},"9":{"start":{"line":13,"column":0},"end":{"line":13,"column":50}},"10":{"start":{"line":14,"column":0},"end":{"line":14,"column":56}},"11":{"start":{"line":16,"column":0},"end":{"line":16,"column":51}},"12":{"start":{"line":18,"column":0},"end":{"line":18,"column":27}},"13":{"start":{"line":20,"column":0},"end":{"line":20,"column":50}},"14":{"start":{"line":22,"column":0},"end":{"line":22,"column":51}},"15":{"start":{"line":24,"column":0},"end":{"line":24,"column":80}},"16":{"start":{"line":26,"column":0},"end":{"line":26,"column":55}},"17":{"start":{"line":28,"column":0},"end":{"line":28,"column":71}},"18":{"start":{"line":30,"column":0},"end":{"line":30,"column":73}},"19":{"start":{"line":40,"column":0},"end":{"line":40,"column":24}}},"fnMap":{},"branchMap":{},"s":{"0":2,"1":2,"2":2,"3":2,"4":2,"5":2,"6":2,"7":2,"8":2,"9":2,"10":2,"11":2,"12":2,"13":2,"14":2,"15":2,"16":2,"17":2,"18":2,"19":2},"f":{},"b":{},"_coverageSchema":"1a1c01bbd47fc00a2c39e90264f33305004495a9","hash":"9c94747f49c6bff85ab6e06120e529eae4a07daa"}
}
