TN:
SF:app.js
FNF:0
FNH:0
DA:1,2
DA:2,2
DA:5,2
DA:6,2
DA:8,2
DA:9,2
DA:10,2
DA:12,2
DA:13,2
DA:15,2
DA:17,2
DA:19,2
LF:12
LH:12
BRDA:1,0,0,2
BRDA:1,0,1,0
BRF:2
BRH:1
end_of_record
TN:
SF:controllers/GeminiAiController.js
FN:4,(anonymous_0)
FNF:1
FNH:0
FNDA:0,(anonymous_0)
DA:1,2
DA:5,0
DA:6,0
DA:8,0
DA:10,0
DA:12,0
DA:20,2
LF:7
LH:2
BRF:0
BRH:0
end_of_record
TN:
SF:controllers/PaymentController.js
FN:6,(anonymous_0)
FNF:1
FNH:0
FNDA:0,(anonymous_0)
DA:1,2
DA:2,2
DA:3,2
DA:7,0
DA:8,0
DA:14,0
DA:15,0
DA:17,0
DA:30,0
DA:34,0
DA:36,0
DA:43,0
DA:45,0
DA:50,2
LF:14
LH:4
BRF:0
BRH:0
end_of_record
TN:
SF:controllers/UserController.js
FN:7,(anonymous_0)
FN:43,(anonymous_1)
FN:61,(anonymous_2)
FNF:3
FNH:1
FNDA:5,(anonymous_0)
FNDA:0,(anonymous_1)
FNDA:0,(anonymous_2)
DA:1,2
DA:2,2
DA:3,2
DA:4,2
DA:8,5
DA:9,5
DA:11,5
DA:12,1
DA:15,4
DA:16,1
DA:19,3
DA:25,3
DA:26,1
DA:29,2
DA:31,2
DA:32,1
DA:35,1
DA:37,1
DA:39,4
DA:44,0
DA:45,0
DA:47,0
DA:53,0
DA:55,0
DA:57,0
DA:62,0
DA:63,0
DA:64,0
DA:66,0
DA:70,0
DA:72,0
DA:73,0
DA:92,0
DA:98,0
DA:99,0
DA:110,0
DA:111,0
DA:115,0
DA:117,0
DA:119,0
DA:124,2
LF:41
LH:20
BRDA:11,0,0,1
BRDA:11,0,1,4
BRDA:15,1,0,1
BRDA:15,1,1,3
BRDA:25,2,0,1
BRDA:25,2,1,2
BRDA:31,3,0,1
BRDA:31,3,1,1
BRDA:98,4,0,0
BRDA:98,4,1,0
BRDA:110,5,0,0
BRDA:110,5,1,0
BRF:12
BRH:8
end_of_record
TN:
SF:controllers/recipeController.js
FN:4,(anonymous_0)
FN:14,(anonymous_1)
FN:47,(anonymous_2)
FN:64,(anonymous_3)
FN:86,(anonymous_4)
FNF:5
FNH:1
FNDA:0,(anonymous_0)
FNDA:2,(anonymous_1)
FNDA:0,(anonymous_2)
FNDA:0,(anonymous_3)
FNDA:0,(anonymous_4)
DA:1,2
DA:5,0
DA:6,0
DA:8,0
DA:10,0
DA:15,2
DA:26,2
DA:28,2
DA:41,1
DA:43,1
DA:48,0
DA:49,0
DA:51,0
DA:53,0
DA:54,0
DA:57,0
DA:60,0
DA:65,0
DA:66,0
DA:68,0
DA:70,0
DA:71,0
DA:74,0
DA:80,0
DA:82,0
DA:87,0
DA:88,0
DA:90,0
DA:96,0
DA:100,0
DA:105,2
LF:31
LH:7
BRDA:53,0,0,0
BRDA:53,0,1,0
BRDA:70,1,0,0
BRDA:70,1,1,0
BRF:4
BRH:0
end_of_record
TN:
SF:helper/GeminiAI.js
FN:4,(anonymous_0)
FNF:1
FNH:0
FNDA:0,(anonymous_0)
DA:1,2
DA:2,2
DA:4,2
DA:5,0
DA:6,0
DA:8,0
DA:24,0
DA:25,0
DA:27,0
DA:30,0
DA:33,2
LF:11
LH:4
BRF:0
BRH:0
end_of_record
TN:
SF:helper/bcrypt.js
FN:3,hashPass
FN:8,comparePass
FNF:2
FNH:2
FNDA:4,hashPass
FNDA:2,comparePass
DA:1,2
DA:4,4
DA:5,4
DA:9,2
DA:12,2
LF:5
LH:5
BRF:0
BRH:0
end_of_record
TN:
SF:helper/jwt.js
FN:5,signToken
FN:9,verifyToken
FNF:2
FNH:2
FNDA:2,signToken
FNDA:3,verifyToken
DA:1,2
DA:3,2
DA:6,2
DA:10,3
DA:13,2
LF:5
LH:5
BRF:0
BRH:0
end_of_record
TN:
SF:middlewares/authentication.js
FN:4,authentication
FNF:1
FNH:1
FNDA:4,authentication
DA:1,2
DA:2,2
DA:5,4
DA:6,4
DA:8,4
DA:9,1
DA:12,3
DA:14,3
DA:17,2
DA:19,2
DA:20,0
DA:23,2
DA:25,2
DA:27,2
DA:31,2
LF:15
LH:14
BRDA:8,0,0,1
BRDA:8,0,1,3
BRDA:19,1,0,0
BRDA:19,1,1,2
BRF:4
BRH:3
end_of_record
TN:
SF:middlewares/authorization.js
FN:4,authorization
FNF:1
FNH:0
FNDA:0,authorization
DA:1,2
DA:2,2
DA:5,0
DA:6,0
DA:8,0
DA:10,0
DA:11,0
DA:14,0
DA:15,0
DA:18,0
DA:21,0
DA:25,2
LF:12
LH:3
BRDA:10,0,0,0
BRDA:10,0,1,0
BRDA:14,1,0,0
BRDA:14,1,1,0
BRF:4
BRH:0
end_of_record
TN:
SF:middlewares/errorHandling.js
FN:1,errorHandler
FNF:1
FNH:1
FNDA:7,errorHandler
DA:2,7
DA:3,7
DA:5,7
DA:6,1
DA:7,1
DA:9,6
DA:10,2
DA:11,2
DA:12,4
DA:13,1
DA:14,1
DA:16,3
DA:17,1
DA:18,1
DA:20,2
DA:21,2
DA:22,2
DA:24,0
DA:25,0
DA:26,0
DA:28,0
DA:29,0
DA:30,0
DA:32,0
DA:33,0
DA:34,0
DA:43,7
DA:47,2
LF:28
LH:19
BRDA:5,0,0,1
BRDA:5,0,1,6
BRDA:5,1,0,7
BRDA:5,1,1,6
BRDA:9,2,0,2
BRDA:9,2,1,4
BRDA:9,3,0,6
BRDA:9,3,1,5
BRDA:12,4,0,1
BRDA:12,4,1,3
BRDA:16,5,0,1
BRDA:16,5,1,2
BRDA:20,6,0,2
BRDA:20,6,1,0
BRDA:24,7,0,0
BRDA:24,7,1,0
BRDA:24,8,0,0
BRDA:24,8,1,0
BRDA:28,9,0,0
BRDA:28,9,1,0
BRDA:32,10,0,0
BRDA:32,10,1,0
BRF:22
BRH:13
end_of_record
TN:
SF:models/index.js
FN:21,(anonymous_0)
FN:29,(anonymous_1)
FN:34,(anonymous_2)
FNF:3
FNH:3
FNDA:8,(anonymous_0)
FNDA:6,(anonymous_1)
FNDA:6,(anonymous_2)
DA:3,2
DA:4,2
DA:5,2
DA:6,2
DA:7,2
DA:8,2
DA:9,2
DA:10,2
DA:13,2
DA:14,0
DA:16,2
DA:19,2
DA:22,8
DA:30,6
DA:31,6
DA:34,2
DA:35,6
DA:36,6
DA:40,2
DA:41,2
DA:43,2
LF:21
LH:20
BRDA:8,0,0,2
BRDA:8,0,1,0
BRDA:13,1,0,0
BRDA:13,1,1,2
BRDA:23,2,0,8
BRDA:23,2,1,8
BRDA:23,2,2,6
BRDA:23,2,3,6
BRDA:35,3,0,6
BRDA:35,3,1,0
BRF:10
BRH:7
end_of_record
TN:
SF:models/order.js
FN:3,(anonymous_0)
FN:10,(anonymous_1)
FNF:2
FNH:2
FNDA:2,(anonymous_0)
FNDA:2,(anonymous_1)
DA:2,2
DA:3,2
DA:14,2
DA:38,2
LF:4
LH:4
BRF:0
BRH:0
end_of_record
TN:
SF:models/recipe.js
FN:3,(anonymous_0)
FN:10,(anonymous_1)
FNF:2
FNH:2
FNDA:2,(anonymous_0)
FNDA:2,(anonymous_1)
DA:2,2
DA:3,2
DA:14,2
DA:142,2
LF:4
LH:4
BRF:0
BRH:0
end_of_record
TN:
SF:models/user.js
FN:4,(anonymous_0)
FN:11,(anonymous_1)
FN:53,(anonymous_2)
FNF:3
FNH:2
FNDA:2,(anonymous_0)
FNDA:2,(anonymous_1)
FNDA:0,(anonymous_2)
DA:2,2
DA:3,2
DA:4,2
DA:15,2
DA:54,0
DA:59,2
LF:6
LH:5
BRF:0
BRH:0
end_of_record
TN:
SF:routers/index.js
FNF:0
FNH:0
DA:1,2
DA:2,2
DA:3,2
DA:4,2
DA:5,2
DA:6,2
DA:7,2
DA:10,2
DA:12,2
DA:13,2
DA:14,2
DA:16,2
DA:18,2
DA:20,2
DA:22,2
DA:24,2
DA:26,2
DA:28,2
DA:30,2
DA:40,2
LF:20
LH:20
BRF:0
BRH:0
end_of_record
